12:16:25 INFO  : Launching XSDB server: xsdb.bat C:/Xilinx/SDK/2015.4/scripts/xsdb/xsdb/xsdb-server.tcl
12:16:34 INFO  : XSDB server has started successfully.
12:16:41 INFO  : Processing command line option -hwspec C:/Users/suryachandraprasad/sobell/sobell.sdk/design_1_wrapper.hdf.
10:37:26 INFO  : Connected to target on host '127.0.0.1' and port '3121'.
10:40:05 INFO  : Connected to target on host '127.0.0.1' and port '3121'.
15:42:35 INFO  : Launching XSDB server: xsdb.bat C:/Xilinx/SDK/2015.4/scripts/xsdb/xsdb/xsdb-server.tcl
15:42:37 INFO  : XSDB server has started successfully.
15:42:37 INFO  : Processing command line option -hwspec C:/Users/suryachandraprasad/sobell/sobell.sdk/design_1_wrapper.hdf.
15:42:38 INFO  : Checking for hwspec changes in the project design_1_wrapper_hw_platform_0.
15:42:42 INFO  : SDK has detected change in the last modified timestamps for source hardware specification file Source:1530266839912,  Project:1530168022674
15:42:42 INFO  : The hardware specification for project 'design_1_wrapper_hw_platform_0' is different from C:/Users/suryachandraprasad/sobell/sobell.sdk/design_1_wrapper.hdf.
15:42:42 INFO  : Copied contents of C:/Users/suryachandraprasad/sobell/sobell.sdk/design_1_wrapper.hdf into \design_1_wrapper_hw_platform_0\system.hdf.
15:42:53 INFO  : Synchronizing projects in the workspace with the hardware platform specification changes.
15:42:59 ERROR : (XSDB Server)ERROR: [Hsi 55-1433] Error boost::filesystem::directory_iterator::construct: Access is denied: "C:/Users/suryachandraprasad/AppData/Local/Temp\CR_DFA5E.tmp"

15:43:00 ERROR : (XSDB Server)ERROR: [Hsi 55-1433] Error boost::filesystem::directory_iterator::construct: Access is denied: "C:/Users/suryachandraprasad/AppData/Local/Temp\msdtadmin"

15:43:01 ERROR : Failed to call sync_sw_with_hw_change
Reason: ERROR: [Common 17-39] 'hsi::open_sw_design' failed due to earlier errors.

15:43:01 ERROR : Error updating BSP project MSS files.
15:43:02 INFO  : Updating hardware inferred compiler options for sobelproject.
15:43:02 INFO  : Clearing existing target manager status.
15:44:57 ERROR : Unexpected error while parsing XMD response ?: com.google.gson.JsonSyntaxException: com.google.gson.stream.MalformedJsonException: invalid number or unquoted string near 
